<?xml version="1.0" encoding="UTF-8"?>
<testng-results ignored="0" total="2" passed="2" failed="0" skipped="0">
  <reporter-output>
  </reporter-output>
  <suite started-at="2024-08-04T23:16:58 EDT" name="Suite" finished-at="2024-08-04T23:17:29 EDT" duration-ms="30755">
    <groups>
      <group name="Functional">
        <method signature="TC_001_AccountRegistrationTest.verify_account_registration()[pri:0, instance:testCases.TC_001_AccountRegistrationTest@d9345cd]" name="verify_account_registration" class="testCases.TC_001_AccountRegistrationTest"/>
        <method signature="TC_002_LoginTest.LoginTestex()[pri:0, instance:testCases.TC_002_LoginTest@506ae4d4]" name="LoginTestex" class="testCases.TC_002_LoginTest"/>
      </group> <!-- Functional -->
      <group name="Sanity">
        <method signature="TC_002_LoginTest.LoginTestex()[pri:0, instance:testCases.TC_002_LoginTest@506ae4d4]" name="LoginTestex" class="testCases.TC_002_LoginTest"/>
      </group> <!-- Sanity -->
      <group name="Regression">
        <method signature="TC_001_AccountRegistrationTest.verify_account_registration()[pri:0, instance:testCases.TC_001_AccountRegistrationTest@d9345cd]" name="verify_account_registration" class="testCases.TC_001_AccountRegistrationTest"/>
        <method signature="TC_002_LoginTest.LoginTestex()[pri:0, instance:testCases.TC_002_LoginTest@506ae4d4]" name="LoginTestex" class="testCases.TC_002_LoginTest"/>
      </group> <!-- Regression -->
    </groups>
    <test started-at="2024-08-04T23:16:58 EDT" name="Test" finished-at="2024-08-04T23:17:29 EDT" duration-ms="30755">
      <class name="testCases.TC_001_AccountRegistrationTest">
        <test-method is-config="true" signature="setup(java.lang.String,java.lang.String)[pri:0, instance:testCases.TC_001_AccountRegistrationTest@d9345cd]" started-at="2024-08-04T23:16:59 EDT" name="setup" finished-at="2024-08-04T23:17:10 EDT" duration-ms="11508" status="PASS">
          <params>
            <param index="0">
              <value>
                <![CDATA[Windows]]>
              </value>
            </param>
            <param index="1">
              <value>
                <![CDATA[chrome]]>
              </value>
            </param>
          </params>
          <reporter-output>
          </reporter-output>
        </test-method> <!-- setup -->
        <test-method signature="verify_account_registration()[pri:0, instance:testCases.TC_001_AccountRegistrationTest@d9345cd]" started-at="2024-08-04T23:17:11 EDT" name="verify_account_registration" finished-at="2024-08-04T23:17:17 EDT" duration-ms="6342" status="PASS">
          <reporter-output>
          </reporter-output>
        </test-method> <!-- verify_account_registration -->
        <test-method is-config="true" signature="tearDown()[pri:0, instance:testCases.TC_001_AccountRegistrationTest@d9345cd]" started-at="2024-08-04T23:17:17 EDT" name="tearDown" finished-at="2024-08-04T23:17:18 EDT" duration-ms="814" status="PASS">
          <reporter-output>
          </reporter-output>
        </test-method> <!-- tearDown -->
      </class> <!-- testCases.TC_001_AccountRegistrationTest -->
      <class name="testCases.TC_002_LoginTest">
        <test-method is-config="true" signature="setup(java.lang.String,java.lang.String)[pri:0, instance:testCases.TC_002_LoginTest@506ae4d4]" started-at="2024-08-04T23:17:18 EDT" name="setup" finished-at="2024-08-04T23:17:25 EDT" duration-ms="7038" status="PASS">
          <params>
            <param index="0">
              <value>
                <![CDATA[Windows]]>
              </value>
            </param>
            <param index="1">
              <value>
                <![CDATA[chrome]]>
              </value>
            </param>
          </params>
          <reporter-output>
          </reporter-output>
        </test-method> <!-- setup -->
        <test-method signature="LoginTestex()[pri:0, instance:testCases.TC_002_LoginTest@506ae4d4]" started-at="2024-08-04T23:17:25 EDT" name="LoginTestex" finished-at="2024-08-04T23:17:28 EDT" duration-ms="3236" status="PASS">
          <reporter-output>
          </reporter-output>
        </test-method> <!-- LoginTestex -->
        <test-method is-config="true" signature="tearDown()[pri:0, instance:testCases.TC_002_LoginTest@506ae4d4]" started-at="2024-08-04T23:17:28 EDT" name="tearDown" finished-at="2024-08-04T23:17:29 EDT" duration-ms="755" status="PASS">
          <reporter-output>
          </reporter-output>
        </test-method> <!-- tearDown -->
      </class> <!-- testCases.TC_002_LoginTest -->
    </test> <!-- Test -->
  </suite> <!-- Suite -->
</testng-results>
